[2025-02-22 19:56:50] [INFO    ] Koshitan 1.0.1-alpha: Logged in as [ kt. ] Koshi Torako
[2025-02-22 19:56:50] [INFO    ] Koshitan 1.0.1-alpha: discord.py API version: 2.4.0
[2025-02-22 19:56:50] [INFO    ] Koshitan 1.0.1-alpha: Python version: 3.11.5
[2025-02-22 19:56:50] [INFO    ] Koshitan 1.0.1-alpha: Running on: Windows 10 (nt)
[2025-02-22 19:56:50] [INFO    ] Koshitan 1.0.1-alpha: -------------------
[2025-02-22 19:56:50] [INFO    ] Koshitan 1.0.1-alpha: Loaded extension 'economy'
[2025-02-22 19:56:50] [INFO    ] Koshitan 1.0.1-alpha: Loaded extension 'fun'
[2025-02-22 19:56:50] [INFO    ] Koshitan 1.0.1-alpha: Loaded extension 'general'
[2025-02-22 19:56:50] [INFO    ] Koshitan 1.0.1-alpha: Loaded extension 'internet'
[2025-02-22 19:56:50] [INFO    ] Koshitan 1.0.1-alpha: Loaded extension 'moderation'
[2025-02-22 19:56:50] [INFO    ] Koshitan 1.0.1-alpha: Loaded extension 'owner'
[2025-02-22 19:56:50] [INFO    ] Koshitan 1.0.1-alpha: Loaded extension 'rpg'
[2025-02-22 19:57:02] [INFO    ] Koshitan 1.0.1-alpha: Executed character command in Paracetamol: Pereda Migraine (ID: 1340573748692258980) by arzhavz (ID: 914160364244045844)
[2025-02-22 19:57:19] [INFO    ] Koshitan 1.0.1-alpha: Executed character command in Paracetamol: Pereda Migraine (ID: 1340573748692258980) by arzhavz (ID: 914160364244045844)
[2025-02-22 20:11:59] [INFO    ] Koshitan 1.0.1-alpha: Executed reload command in Paracetamol: Pereda Migraine (ID: 1340573748692258980) by arzhavz (ID: 914160364244045844)
[2025-02-22 20:12:13] [INFO    ] Koshitan 1.0.1-alpha: Executed character command in Paracetamol: Pereda Migraine (ID: 1340573748692258980) by arzhavz (ID: 914160364244045844)
[2025-02-22 20:12:51] [INFO    ] Koshitan 1.0.1-alpha: Executed character command in Paracetamol: Pereda Migraine (ID: 1340573748692258980) by arzhavz (ID: 914160364244045844)
[2025-02-22 20:13:11] [INFO    ] Koshitan 1.0.1-alpha: Executed character command in Paracetamol: Pereda Migraine (ID: 1340573748692258980) by arzhavz (ID: 914160364244045844)
[2025-02-22 20:16:32] [INFO    ] Koshitan 1.0.1-alpha: Executed reload command in Paracetamol: Pereda Migraine (ID: 1340573748692258980) by arzhavz (ID: 914160364244045844)
[2025-02-22 20:16:40] [INFO    ] Koshitan 1.0.1-alpha: Executed character command in Paracetamol: Pereda Migraine (ID: 1340573748692258980) by arzhavz (ID: 914160364244045844)
